<?xml version="1.0" encoding="UTF-8"?>
<!-- Generated by org.testng.reporters.JUnitReportReporter -->
<testsuite hostname="LAPTOP-QC1QQ4NQ" failures="0" tests="3" name="Practise.priority" time="0.013" errors="0" timestamp="2021-08-23T22:51:46 IST" skipped="0">
  <testcase classname="Practise.priority" name="sub" time="0.009"/>
  <system-out/>
  <testcase classname="Practise.priority" name="add" time="0.002"/>
  <system-out/>
  <testcase classname="Practise.priority" name="mul" time="0.002"/>
  <system-out/>
</testsuite> <!-- Practise.priority -->
