<?xml version="1.0" encoding="UTF-8"?>
<!-- Generated by org.testng.reporters.JUnitReportReporter -->
<testsuite hostname="LAPTOP-QC1QQ4NQ" failures="0" tests="3" name="com.vtiger.comecast.producttest.TC_1_Search_Prdby_prdnoTest" time="117.985" errors="0" timestamp="2021-08-28T12:05:38 IST" skipped="0">
  <testcase classname="com.vtiger.comecast.producttest.TC_1_Search_Prdby_prdnoTest" name="search_Prdby_commrateTest" time="30.912"/>
  <system-out/>
  <testcase classname="com.vtiger.comecast.producttest.TC_1_Search_Prdby_prdnoTest" name="search_Prdby_prdnoTest" time="55.574"/>
  <system-out/>
  <testcase classname="com.vtiger.comecast.producttest.TC_1_Search_Prdby_prdnoTest" name="search_Prdby_partnoTest1" time="31.499"/>
  <system-out/>
</testsuite> <!-- com.vtiger.comecast.producttest.TC_1_Search_Prdby_prdnoTest -->
