<?xml version="1.0" encoding="UTF-8"?>
<!-- Generated by org.testng.reporters.JUnitReportReporter -->
<testsuite hostname="LAPTOP-QC1QQ4NQ" failures="0" tests="2" name="Practise.dataprovider" time="0.007" errors="0" timestamp="2021-08-23T23:30:01 IST" skipped="0">
  <testcase classname="Practise.dataprovider" name="add" time="0.001"/>
  <system-out/>
  <testcase classname="Practise.dataprovider" name="add" time="0.006"/>
  <system-out/>
</testsuite> <!-- Practise.dataprovider -->
