<?xml version="1.0" encoding="UTF-8"?>
<!-- Generated by org.testng.reporters.JUnitReportReporter -->
<testsuite hostname="LAPTOP-QC1QQ4NQ" failures="0" tests="2" name="Pracise.report1" time="16.891" errors="0" timestamp="2021-08-26T10:25:20 IST" skipped="0">
  <testcase classname="Pracise.report1" name="getHomeTitle" time="8.111"/>
  <system-out/>
  <testcase classname="Pracise.report1" name="getorgTitle" time="8.780"/>
  <system-out/>
</testsuite> <!-- Pracise.report1 -->
