<?xml version="1.0" encoding="UTF-8"?>
<!-- Generated by org.testng.reporters.JUnitReportReporter -->
<testsuite hostname="LAPTOP-QC1QQ4NQ" failures="0" tests="1" name="Practise.smo" time="30.132" errors="0" timestamp="2021-08-24T13:58:55 IST" skipped="0">
  <testcase classname="Practise.smo" name="search_Prdby_commrateTest" time="30.132"/>
  <system-out/>
</testsuite> <!-- Practise.smo -->
