<?xml version="1.0" encoding="UTF-8"?>
<!-- Generated by org.testng.reporters.JUnitReportReporter -->
<testsuite hostname="LAPTOP-QC1QQ4NQ" failures="0" tests="5" name="Practise.MakeMyTrip" time="0.014" errors="0" timestamp="2021-08-23T21:41:08 IST" skipped="0">
  <testcase classname="Practise.MakeMyTrip" name="bookTicket" time="0.001"/>
  <system-out/>
  <testcase classname="Practise.MakeMyTrip" name="bookTicket" time="0.002"/>
  <system-out/>
  <testcase classname="Practise.MakeMyTrip" name="bookTicket" time="0.001"/>
  <system-out/>
  <testcase classname="Practise.MakeMyTrip" name="bookTicket" time="0.001"/>
  <system-out/>
  <testcase classname="Practise.MakeMyTrip" name="bookTicket" time="0.009"/>
  <system-out/>
</testsuite> <!-- Practise.MakeMyTrip -->
