<?xml version="1.0" encoding="UTF-8"?>
<!-- Generated by org.testng.reporters.JUnitReportReporter -->
<testsuite hostname="LAPTOP-QC1QQ4NQ" failures="0" tests="1" name="com.vtiger.comecast.producttest.TC_3_Search_Prdby_commrateTest" time="28.494" errors="0" timestamp="2021-08-30T10:32:57 IST" skipped="0">
  <testcase classname="com.vtiger.comecast.producttest.TC_3_Search_Prdby_commrateTest" name="search_Prdby_commrateTest" time="28.494"/>
  <system-out/>
</testsuite> <!-- com.vtiger.comecast.producttest.TC_3_Search_Prdby_commrateTest -->
