<?xml version="1.0" encoding="UTF-8"?>
<!-- Generated by org.testng.reporters.JUnitReportReporter -->
<testsuite hostname="LAPTOP-QC1QQ4NQ" failures="0" tests="3" name="Practise.dependsonmethod" time="0.014" errors="0" timestamp="2021-08-23T23:03:35 IST" skipped="0">
  <testcase classname="Practise.dependsonmethod" name="add" time="0.001"/>
  <system-out/>
  <testcase classname="Practise.dependsonmethod" name="mul" time="0.011"/>
  <system-out/>
  <testcase classname="Practise.dependsonmethod" name="sub" time="0.002"/>
  <system-out/>
</testsuite> <!-- Practise.dependsonmethod -->
