<?xml version="1.0" encoding="UTF-8"?>
<!-- Generated by org.testng.reporters.JUnitReportReporter -->
<testsuite hostname="LAPTOP-QC1QQ4NQ" failures="0" tests="2" name="Practise.demo" time="0.010" errors="0" timestamp="2021-08-19T20:08:01 IST" skipped="0">
  <testcase classname="Practise.demo" name="print" time="0.001"/>
  <system-out/>
  <testcase classname="Practise.demo" name="add" time="0.009"/>
  <system-out/>
</testsuite> <!-- Practise.demo -->
