<?xml version="1.0" encoding="UTF-8"?>
<!-- Generated by org.testng.reporters.JUnitReportReporter -->
<testsuite hostname="LAPTOP-QC1QQ4NQ" failures="0" tests="3" name="Practise.invocationcount" time="0.012" errors="0" timestamp="2021-08-23T23:07:27 IST" skipped="0">
  <testcase classname="Practise.invocationcount" name="add" time="0.001"/>
  <system-out/>
  <testcase classname="Practise.invocationcount" name="add" time="0.009"/>
  <system-out/>
  <testcase classname="Practise.invocationcount" name="add" time="0.002"/>
  <system-out/>
</testsuite> <!-- Practise.invocationcount -->
